#
# There is insufficient memory for the Java Runtime Environment to continue.
# Native memory allocation (mmap) failed to map 264241152 bytes for G1 virtual space
# Possible reasons:
#   The system is out of physical RAM or swap space
#   The process is running with CompressedOops enabled, and the Java Heap may be blocking the growth of the native heap
# Possible solutions:
#   Reduce memory load on the system
#   Increase physical memory or swap space
#   Check if swap backing store is full
#   Decrease Java heap size (-Xmx/-Xms)
#   Decrease number of Java threads
#   Decrease Java thread stack sizes (-Xss)
#   Set larger code cache with -XX:ReservedCodeCacheSize=
#   JVM is running with Zero Based Compressed Oops mode in which the Java heap is
#     placed in the first 32GB address space. The Java Heap base address is the
#     maximum limit for the native heap growth. Please use -XX:HeapBaseMinAddress
#     to set the Java Heap base and to place the Java Heap above 32GB virtual address.
# This output file may be truncated or incomplete.
#
#  Out of Memory Error (os_windows.cpp:3771), pid=15972, tid=11220
#
# JRE version:  (17.0.7) (build )
# Java VM: OpenJDK 64-Bit Server VM (17.0.7+0-b2043.56-10550314, mixed mode, sharing, tiered, compressed oops, compressed class ptrs, g1 gc, windows-amd64)
# No core dump will be written. Minidumps are not enabled by default on client versions of Windows
#

---------------  S U M M A R Y ------------

Command Line: git4idea.http.GitAskPassApp Username for 'https://github.com': 

Host: 11th Gen Intel(R) Core(TM) i7-11800H @ 2.30GHz, 16 cores, 15G,  Windows 10 , 64 bit Build 19041 (10.0.19041.3636)
Time: Tue Mar 12 23:20:04 2024 W. Europe Standard Time elapsed time: 0.006476 seconds (0d 0h 0m 0s)

---------------  T H R E A D  ---------------

Current thread (0x000001b7dae456b0):  JavaThread "Unknown thread" [_thread_in_vm, id=11220, stack(0x0000005d0dd00000,0x0000005d0de00000)]

Stack: [0x0000005d0dd00000,0x0000005d0de00000]
Native frames: (J=compiled Java code, j=interpreted, Vv=VM code, C=native code)
V  [jvm.dll+0x683bfa]
V  [jvm.dll+0x8430a4]
V  [jvm.dll+0x8449be]
V  [jvm.dll+0x845023]
V  [jvm.dll+0x24ad2f]
V  [jvm.dll+0x680ac9]
V  [jvm.dll+0x67519a]
V  [jvm.dll+0x30b3cb]
V  [jvm.dll+0x312876]
V  [jvm.dll+0x36221e]
V  [jvm.dll+0x36244f]
V  [jvm.dll+0x2e14a8]
V  [jvm.dll+0x2e2414]
V  [jvm.dll+0x814391]
V  [jvm.dll+0x36ffe1]
V  [jvm.dll+0x7f396c]
V  [jvm.dll+0x3f305f]
V  [jvm.dll+0x3f4b91]
C  [jli.dll+0x528f]
C  [ucrtbase.dll+0x21bb2]
C  [KERNEL32.DLL+0x17344]
C  [ntdll.dll+0x526b1]


---------------  P R O C E S S  ---------------

Threads class SMR info:
_java_thread_list=0x00007ffb05dcd098, length=0, elements={
}

Java Threads: ( => current thread )

Other Threads:
  0x000001b7daeb0440 GCTaskThread "GC Thread#0" [stack: 0x0000005d0de00000,0x0000005d0df00000] [id=19588]
  0x000001b7daec0d50 ConcurrentGCThread "G1 Main Marker" [stack: 0x0000005d0df00000,0x0000005d0e000000] [id=19132]
  0x000001b7daec1670 ConcurrentGCThread "G1 Conc#0" [stack: 0x0000005d0e000000,0x0000005d0e100000] [id=21312]

[error occurred during error reporting (printing all threads), id 0xc0000005, EXCEPTION_ACCESS_VIOLATION (0xc0000005) at pc=0x00007ffb05582087]

VM state: not at safepoint (not fully initialized)

VM Mutex/Monitor currently owned by a thread:  ([mutex/lock_event])
[0x000001b7dae41930] Heap_lock - owner thread: 0x000001b7dae456b0

Heap address: 0x0000000705400000, size: 4012 MB, Compressed Oops mode: Zero based, Oop shift amount: 3

CDS archive(s) mapped at: [0x0000000000000000-0x0000000000000000-0x0000000000000000), size 0, SharedBaseAddress: 0x0000000800000000, ArchiveRelocationMode: 0.
Narrow klass base: 0x0000000000000000, Narrow klass shift: 0, Narrow klass range: 0x0

GC Precious Log:
<Empty>

Heap:
 garbage-first heap   total 0K, used 0K [0x0000000705400000, 0x0000000800000000)
  region size 2048K, 0 young (0K), 0 survivors (0K)
 Metaspace       used 0K, committed 0K, reserved 0K
  class space    used 0K, committed 0K, reserved 0K

Heap Regions: E=young(eden), S=young(survivor), O=old, HS=humongous(starts), HC=humongous(continues), CS=collection set, F=free, OA=open archive, CA=closed archive, TAMS=top-at-mark-start (previous, next)

Card table byte_map: [0x000001b7ee390000,0x000001b7eeb70000] _byte_map_base: 0x000001b7eab66000

Marking Bits (Prev, Next): (CMBitMap*) 0x000001b7daeb0960, (CMBitMap*) 0x000001b7daeb09a0
 Prev Bits: [0x000001b7ef350000, 0x000001b7f3200000)
 Next Bits: [0x000001b7f3200000, 0x000001b7f70b0000)

GC Heap History (0 events):
No events

Dll operation events (1 events):
Event: 0.004 Loaded shared library C:\Program Files\Android\Android Studio1\jbr\bin\java.dll

Deoptimization events (0 events):
No events

Classes unloaded (0 events):
No events

Classes redefined (0 events):
No events

Internal exceptions (0 events):
No events

VM Operations (0 events):
No events

Events (0 events):
No events


Dynamic libraries:
0x00007ff68cbd0000 - 0x00007ff68cbda000 	C:\Program Files\Android\Android Studio1\jbr\bin\java.exe
0x00007ffb625d0000 - 0x00007ffb627c8000 	C:\windows\SYSTEM32\ntdll.dll
0x00007ffb61740000 - 0x00007ffb617fd000 	C:\windows\System32\KERNEL32.DLL
0x00007ffb5fe40000 - 0x00007ffb60136000 	C:\windows\System32\KERNELBASE.dll
0x00007ffb603f0000 - 0x00007ffb604f0000 	C:\windows\System32\ucrtbase.dll
0x00007ffb48ff0000 - 0x00007ffb49007000 	C:\Program Files\Android\Android Studio1\jbr\bin\jli.dll
0x00007ffb62020000 - 0x00007ffb621be000 	C:\windows\System32\USER32.dll
0x00007ffb5fd30000 - 0x00007ffb5fd52000 	C:\windows\System32\win32u.dll
0x00007ffb41260000 - 0x00007ffb414fa000 	C:\windows\WinSxS\amd64_microsoft.windows.common-controls_6595b64144ccf1df_6.0.19041.3636_none_60b6a03d71f818d5\COMCTL32.dll
0x00007ffb62280000 - 0x00007ffb622ab000 	C:\windows\System32\GDI32.dll
0x00007ffb3a320000 - 0x00007ffb3a33b000 	C:\Program Files\Android\Android Studio1\jbr\bin\VCRUNTIME140.dll
0x00007ffb60940000 - 0x00007ffb609de000 	C:\windows\System32\msvcrt.dll
0x00007ffb604f0000 - 0x00007ffb60607000 	C:\windows\System32\gdi32full.dll
0x00007ffb5fc90000 - 0x00007ffb5fd2d000 	C:\windows\System32\msvcp_win.dll
0x00007ffb61f50000 - 0x00007ffb61f82000 	C:\windows\System32\IMM32.DLL
0x00007ffb3fde0000 - 0x00007ffb3fdec000 	C:\Program Files\Android\Android Studio1\jbr\bin\vcruntime140_1.dll
0x00007ffb259f0000 - 0x00007ffb25a7d000 	C:\Program Files\Android\Android Studio1\jbr\bin\msvcp140.dll
0x00007ffb05290000 - 0x00007ffb05f10000 	C:\Program Files\Android\Android Studio1\jbr\bin\server\jvm.dll
0x00007ffb612f0000 - 0x00007ffb613a3000 	C:\windows\System32\ADVAPI32.dll
0x00007ffb614c0000 - 0x00007ffb6155f000 	C:\windows\System32\sechost.dll
0x00007ffb61610000 - 0x00007ffb61736000 	C:\windows\System32\RPCRT4.dll
0x00007ffb5fd60000 - 0x00007ffb5fd87000 	C:\windows\System32\bcrypt.dll
0x00007ffb38590000 - 0x00007ffb38599000 	C:\windows\SYSTEM32\WSOCK32.dll
0x00007ffb61fb0000 - 0x00007ffb6201b000 	C:\windows\System32\WS2_32.dll
0x00007ffb52580000 - 0x00007ffb5258a000 	C:\windows\SYSTEM32\VERSION.dll
0x00007ffb4f170000 - 0x00007ffb4f197000 	C:\windows\SYSTEM32\WINMM.dll
0x00007ffb5e3e0000 - 0x00007ffb5e3f2000 	C:\windows\SYSTEM32\kernel.appcore.dll
0x00007ffb5a6f0000 - 0x00007ffb5a6fa000 	C:\Program Files\Android\Android Studio1\jbr\bin\jimage.dll
0x00007ffb5d830000 - 0x00007ffb5da14000 	C:\windows\SYSTEM32\DBGHELP.DLL
0x00007ffb388e0000 - 0x00007ffb38914000 	C:\windows\SYSTEM32\dbgcore.DLL
0x00007ffb602a0000 - 0x00007ffb60322000 	C:\windows\System32\bcryptPrimitives.dll
0x00007ffb569a0000 - 0x00007ffb569c5000 	C:\Program Files\Android\Android Studio1\jbr\bin\java.dll

dbghelp: loaded successfully - version: 4.0.5 - missing functions: none
symbol engine: initialized successfully - sym options: 0x614 - pdb path: .;C:\Program Files\Android\Android Studio1\jbr\bin;C:\windows\SYSTEM32;C:\windows\WinSxS\amd64_microsoft.windows.common-controls_6595b64144ccf1df_6.0.19041.3636_none_60b6a03d71f818d5;C:\Program Files\Android\Android Studio1\jbr\bin\server

VM Arguments:
java_command: git4idea.http.GitAskPassApp Username for 'https://github.com': 
java_class_path (initial): C:/Program Files/Android/Android Studio1/plugins/vcs-git/lib/git4idea-rt.jar;C:/Program Files/Android/Android Studio1/lib/externalProcess-rt.jar
Launcher Type: SUN_STANDARD

[Global flags]
     intx CICompilerCount                          = 12                                        {product} {ergonomic}
     uint ConcGCThreads                            = 3                                         {product} {ergonomic}
     uint G1ConcRefinementThreads                  = 13                                        {product} {ergonomic}
   size_t G1HeapRegionSize                         = 2097152                                   {product} {ergonomic}
    uintx GCDrainStackTargetSize                   = 64                                        {product} {ergonomic}
   size_t InitialHeapSize                          = 264241152                                 {product} {ergonomic}
   size_t MarkStackSize                            = 4194304                                   {product} {ergonomic}
   size_t MaxHeapSize                              = 4206886912                                {product} {ergonomic}
   size_t MinHeapDeltaBytes                        = 2097152                                   {product} {ergonomic}
   size_t MinHeapSize                              = 8388608                                   {product} {ergonomic}
    uintx NonNMethodCodeHeapSize                   = 7602480                                {pd product} {ergonomic}
    uintx NonProfiledCodeHeapSize                  = 122027880                              {pd product} {ergonomic}
    uintx ProfiledCodeHeapSize                     = 122027880                              {pd product} {ergonomic}
    uintx ReservedCodeCacheSize                    = 251658240                              {pd product} {ergonomic}
     bool SegmentedCodeCache                       = true                                      {product} {ergonomic}
   size_t SoftMaxHeapSize                          = 4206886912                             {manageable} {ergonomic}
     bool UseCompressedClassPointers               = true                           {product lp64_product} {ergonomic}
     bool UseCompressedOops                        = true                           {product lp64_product} {ergonomic}
     bool UseG1GC                                  = true                                      {product} {ergonomic}
     bool UseLargePagesIndividualAllocation        = false                                  {pd product} {ergonomic}

Logging:
Log output configuration:
 #0: stdout all=warning uptime,level,tags
 #1: stderr all=off uptime,level,tags

Environment Variables:
JAVA_HOME=C:\Program Files\Eclipse Adoptium\jdk-17.0.9.9-hotspot\
PATH=C:\Program Files\Git\mingw64\libexec\git-core;C:\Program Files\Git\mingw64\libexec\git-core;C:\Program Files\Git\mingw64\bin;C:\Program Files\Git\usr\bin;C:\Users\20220931\bin;C:\Program Files\Eclipse Adoptium\jdk-17.0.9.9-hotspot\bin;C:\windows\system32;C:\windows;C:\windows\System32\Wbem;C:\windows\System32\WindowsPowerShell\v1.0;C:\windows\System32\OpenSSH;C:\Program Files\MiKTeX\miktex\bin\x64;C:\Program Files\PuTTY;C:\Program Files\Git\cmd;C:\Program Files\Microsoft SQL Server\150\Tools\Binn;C:\Program Files\Microsoft SQL Server\Client SDK\ODBC\170\Tools\Binn;C:\Program Files (x86)\Windows Kits\10\Windows Performance Toolkit;C:\Program Files (x86)\GnuPG\bin;C:\Program Files\Wolfram Research\WolframScript;C:\Program Files\MySQL\MySQL Shell 8.0\bin;C:\Users\20220931\AppData\Local\Programs\Python\Python310\Scripts;C:\Users\20220931\AppData\Local\Programs\Python\Python310;C:\Users\20220931\AppData\Local\Microsoft\WindowsApps;C:\Users\20220931\AppData\Local\Programs\Microsoft VS Code\bin;C:\Users\20220931\Documents;C:\flutter\bin;C:\apache-maven-3.9.5\bin
USERNAME=20220931
DISPLAY=:0.0
LC_ALL=en_US.UTF-8
TERM=xterm-256color
TMPDIR=C:\Users\20220931\AppData\Local\Temp
OS=Windows_NT
PROCESSOR_IDENTIFIER=Intel64 Family 6 Model 141 Stepping 1, GenuineIntel
TMP=C:\Users\20220931\AppData\Local\Temp
TEMP=C:\Users\20220931\AppData\Local\Temp


JNI global refs:
JNI global refs: 0, weak refs: 0

JNI global refs memory usage: 0, weak refs: 0

OOME stack traces (most recent first):
Classloader memory used:


---------------  S Y S T E M  ---------------

OS:
 Windows 10 , 64 bit Build 19041 (10.0.19041.3636)
OS uptime: 2 days 6:03 hours
Hyper-V role detected

CPU: total 16 (initial active 16) (8 cores per cpu, 2 threads per core) family 6 model 141 stepping 1 microcode 0x48, cx8, cmov, fxsr, ht, mmx, 3dnowpref, sse, sse2, sse3, ssse3, sse4.1, sse4.2, popcnt, lzcnt, tsc, tscinvbit, avx, avx2, aes, erms, clmul, bmi1, bmi2, adx, avx512f, avx512dq, avx512cd, avx512bw, avx512vl, sha, fma, vzeroupper, avx512_vpopcntdq, avx512_vpclmulqdq, avx512_vaes, avx512_vnni, clflush, clflushopt, clwb, avx512_vbmi2, avx512_vbmi, hv

Memory: 4k page, system-wide physical 16047M (1827M free)
TotalPageFile size 20143M (AvailPageFile size 59M)
current process WorkingSet (physical memory assigned to process): 10M, peak: 10M
current process commit charge ("private bytes"): 70M, peak: 322M

vm_info: OpenJDK 64-Bit Server VM (17.0.7+0-b2043.56-10550314) for windows-amd64 JRE (17.0.7+0-b2043.56-10550314), built on Jul 24 2023 18:27:45 by "androidbuild" with MS VC++ 16.10 / 16.11 (VS2019)

END.
